Analysis & Synthesis report for part2
Sat Oct 28 18:05:45 2023
Quartus Prime Version 17.0.0 Build 595 04/25/2017 SJ Lite Edition


---------------------
; Table of Contents ;
---------------------
  1. Legal Notice
  2. Analysis & Synthesis Summary
  3. Analysis & Synthesis Settings
  4. Parallel Compilation
  5. Analysis & Synthesis Source Files Read
  6. Analysis & Synthesis Resource Usage Summary
  7. Analysis & Synthesis Resource Utilization by Entity
  8. General Register Statistics
  9. Multiplexer Restructuring Statistics (Restructuring Performed)
 10. Port Connectivity Checks: "mux_4bit_2to1:M0"
 11. Port Connectivity Checks: "circuitA:A0"
 12. Post-Synthesis Netlist Statistics for Top Partition
 13. Elapsed Time Per Partition
 14. Analysis & Synthesis Messages



----------------
; Legal Notice ;
----------------
Copyright (C) 2017  Intel Corporation. All rights reserved.
Your use of Intel Corporation's design tools, logic functions 
and other software and tools, and its AMPP partner logic 
functions, and any output files from any of the foregoing 
(including device programming or simulation files), and any 
associated documentation or information are expressly subject 
to the terms and conditions of the Intel Program License 
Subscription Agreement, the Intel Quartus Prime License Agreement,
the Intel MegaCore Function License Agreement, or other 
applicable license agreement, including, without limitation, 
that your use is for the sole purpose of programming logic 
devices manufactured by Intel and sold by Intel or its 
authorized distributors.  Please refer to the applicable 
agreement for further details.



+-------------------------------------------------------------------------------+
; Analysis & Synthesis Summary                                                  ;
+---------------------------------+---------------------------------------------+
; Analysis & Synthesis Status     ; Successful - Sat Oct 28 18:05:45 2023       ;
; Quartus Prime Version           ; 17.0.0 Build 595 04/25/2017 SJ Lite Edition ;
; Revision Name                   ; part2                                       ;
; Top-level Entity Name           ; part2                                       ;
; Family                          ; Cyclone V                                   ;
; Logic utilization (in ALMs)     ; N/A                                         ;
; Total registers                 ; 0                                           ;
; Total pins                      ; 24                                          ;
; Total virtual pins              ; 0                                           ;
; Total block memory bits         ; 0                                           ;
; Total DSP Blocks                ; 0                                           ;
; Total HSSI RX PCSs              ; 0                                           ;
; Total HSSI PMA RX Deserializers ; 0                                           ;
; Total HSSI TX PCSs              ; 0                                           ;
; Total HSSI PMA TX Serializers   ; 0                                           ;
; Total PLLs                      ; 0                                           ;
; Total DLLs                      ; 0                                           ;
+---------------------------------+---------------------------------------------+


+---------------------------------------------------------------------------------------------------------------------------+
; Analysis & Synthesis Settings                                                                                             ;
+---------------------------------------------------------------------------------+--------------------+--------------------+
; Option                                                                          ; Setting            ; Default Value      ;
+---------------------------------------------------------------------------------+--------------------+--------------------+
; Device                                                                          ; 5CSEMA5F31C6       ;                    ;
; Top-level entity name                                                           ; part2              ; part2              ;
; Family name                                                                     ; Cyclone V          ; Cyclone V          ;
; Use smart compilation                                                           ; Off                ; Off                ;
; Enable parallel Assembler and TimeQuest Timing Analyzer during compilation      ; On                 ; On                 ;
; Enable compact report table                                                     ; Off                ; Off                ;
; Restructure Multiplexers                                                        ; Auto               ; Auto               ;
; MLAB Add Timing Constraints For Mixed-Port Feed-Through Mode Setting Don't Care ; Off                ; Off                ;
; Create Debugging Nodes for IP Cores                                             ; Off                ; Off                ;
; Preserve fewer node names                                                       ; On                 ; On                 ;
; OpenCore Plus hardware evaluation                                               ; Enable             ; Enable             ;
; Verilog Version                                                                 ; Verilog_2001       ; Verilog_2001       ;
; VHDL Version                                                                    ; VHDL_1993          ; VHDL_1993          ;
; State Machine Processing                                                        ; Auto               ; Auto               ;
; Safe State Machine                                                              ; Off                ; Off                ;
; Extract Verilog State Machines                                                  ; On                 ; On                 ;
; Extract VHDL State Machines                                                     ; On                 ; On                 ;
; Ignore Verilog initial constructs                                               ; Off                ; Off                ;
; Iteration limit for constant Verilog loops                                      ; 5000               ; 5000               ;
; Iteration limit for non-constant Verilog loops                                  ; 250                ; 250                ;
; Add Pass-Through Logic to Inferred RAMs                                         ; On                 ; On                 ;
; Infer RAMs from Raw Logic                                                       ; On                 ; On                 ;
; Parallel Synthesis                                                              ; On                 ; On                 ;
; DSP Block Balancing                                                             ; Auto               ; Auto               ;
; NOT Gate Push-Back                                                              ; On                 ; On                 ;
; Power-Up Don't Care                                                             ; On                 ; On                 ;
; Remove Redundant Logic Cells                                                    ; Off                ; Off                ;
; Remove Duplicate Registers                                                      ; On                 ; On                 ;
; Ignore CARRY Buffers                                                            ; Off                ; Off                ;
; Ignore CASCADE Buffers                                                          ; Off                ; Off                ;
; Ignore GLOBAL Buffers                                                           ; Off                ; Off                ;
; Ignore ROW GLOBAL Buffers                                                       ; Off                ; Off                ;
; Ignore LCELL Buffers                                                            ; Off                ; Off                ;
; Ignore SOFT Buffers                                                             ; On                 ; On                 ;
; Limit AHDL Integers to 32 Bits                                                  ; Off                ; Off                ;
; Optimization Technique                                                          ; Balanced           ; Balanced           ;
; Carry Chain Length                                                              ; 70                 ; 70                 ;
; Auto Carry Chains                                                               ; On                 ; On                 ;
; Auto Open-Drain Pins                                                            ; On                 ; On                 ;
; Perform WYSIWYG Primitive Resynthesis                                           ; Off                ; Off                ;
; Auto ROM Replacement                                                            ; On                 ; On                 ;
; Auto RAM Replacement                                                            ; On                 ; On                 ;
; Auto DSP Block Replacement                                                      ; On                 ; On                 ;
; Auto Shift Register Replacement                                                 ; Auto               ; Auto               ;
; Allow Shift Register Merging across Hierarchies                                 ; Auto               ; Auto               ;
; Auto Clock Enable Replacement                                                   ; On                 ; On                 ;
; Strict RAM Replacement                                                          ; Off                ; Off                ;
; Allow Synchronous Control Signals                                               ; On                 ; On                 ;
; Force Use of Synchronous Clear Signals                                          ; Off                ; Off                ;
; Auto Resource Sharing                                                           ; Off                ; Off                ;
; Allow Any RAM Size For Recognition                                              ; Off                ; Off                ;
; Allow Any ROM Size For Recognition                                              ; Off                ; Off                ;
; Allow Any Shift Register Size For Recognition                                   ; Off                ; Off                ;
; Use LogicLock Constraints during Resource Balancing                             ; On                 ; On                 ;
; Ignore translate_off and synthesis_off directives                               ; Off                ; Off                ;
; Timing-Driven Synthesis                                                         ; On                 ; On                 ;
; Report Parameter Settings                                                       ; On                 ; On                 ;
; Report Source Assignments                                                       ; On                 ; On                 ;
; Report Connectivity Checks                                                      ; On                 ; On                 ;
; Ignore Maximum Fan-Out Assignments                                              ; Off                ; Off                ;
; Synchronization Register Chain Length                                           ; 3                  ; 3                  ;
; PowerPlay Power Optimization During Synthesis                                   ; Normal compilation ; Normal compilation ;
; HDL message level                                                               ; Level2             ; Level2             ;
; Suppress Register Optimization Related Messages                                 ; Off                ; Off                ;
; Number of Removed Registers Reported in Synthesis Report                        ; 5000               ; 5000               ;
; Number of Swept Nodes Reported in Synthesis Report                              ; 5000               ; 5000               ;
; Number of Inverted Registers Reported in Synthesis Report                       ; 100                ; 100                ;
; Clock MUX Protection                                                            ; On                 ; On                 ;
; Auto Gated Clock Conversion                                                     ; Off                ; Off                ;
; Block Design Naming                                                             ; Auto               ; Auto               ;
; SDC constraint protection                                                       ; Off                ; Off                ;
; Synthesis Effort                                                                ; Auto               ; Auto               ;
; Shift Register Replacement - Allow Asynchronous Clear Signal                    ; On                 ; On                 ;
; Pre-Mapping Resynthesis Optimization                                            ; Off                ; Off                ;
; Analysis & Synthesis Message Level                                              ; Medium             ; Medium             ;
; Disable Register Merging Across Hierarchies                                     ; Auto               ; Auto               ;
; Resource Aware Inference For Block RAM                                          ; On                 ; On                 ;
; Automatic Parallel Synthesis                                                    ; On                 ; On                 ;
; Partial Reconfiguration Bitstream ID                                            ; Off                ; Off                ;
+---------------------------------------------------------------------------------+--------------------+--------------------+


+------------------------------------------+
; Parallel Compilation                     ;
+----------------------------+-------------+
; Processors                 ; Number      ;
+----------------------------+-------------+
; Number detected on machine ; 8           ;
; Maximum allowed            ; 4           ;
;                            ;             ;
; Average used               ; 1.00        ;
; Maximum used               ; 1           ;
;                            ;             ;
; Usage by Processor         ; % Time Used ;
;     Processor 1            ; 100.0%      ;
+----------------------------+-------------+


+----------------------------------------------------------------------------------------------------------------------------------------------------------------------------------+
; Analysis & Synthesis Source Files Read                                                                                                                                           ;
+----------------------------------+-----------------+------------------------------------+------------------------------------------------------------------------------+---------+
; File Name with User-Entered Path ; Used in Netlist ; File Type                          ; File Name with Absolute Path                                                 ; Library ;
+----------------------------------+-----------------+------------------------------------+------------------------------------------------------------------------------+---------+
; part2.sv                         ; yes             ; Auto-Found SystemVerilog HDL File  ; C:/Users/Rao/Desktop/Quartus_github/FPGA_DLD_LAB/Lab2/part2/part2.sv         ;         ;
; comparator.sv                    ; yes             ; Auto-Found SystemVerilog HDL File  ; C:/Users/Rao/Desktop/Quartus_github/FPGA_DLD_LAB/Lab2/part2/comparator.sv    ;         ;
; circuita.sv                      ; yes             ; Auto-Found SystemVerilog HDL File  ; C:/Users/Rao/Desktop/Quartus_github/FPGA_DLD_LAB/Lab2/part2/circuita.sv      ;         ;
; mux_4bit_2to1.sv                 ; yes             ; Auto-Found SystemVerilog HDL File  ; C:/Users/Rao/Desktop/Quartus_github/FPGA_DLD_LAB/Lab2/part2/mux_4bit_2to1.sv ;         ;
; circuitb.sv                      ; yes             ; Auto-Found SystemVerilog HDL File  ; C:/Users/Rao/Desktop/Quartus_github/FPGA_DLD_LAB/Lab2/part2/circuitb.sv      ;         ;
; b2d_7seg.sv                      ; yes             ; Auto-Found SystemVerilog HDL File  ; C:/Users/Rao/Desktop/Quartus_github/FPGA_DLD_LAB/Lab2/part2/b2d_7seg.sv      ;         ;
+----------------------------------+-----------------+------------------------------------+------------------------------------------------------------------------------+---------+


+-----------------------------------------------------------+
; Analysis & Synthesis Resource Usage Summary               ;
+---------------------------------------------+-------------+
; Resource                                    ; Usage       ;
+---------------------------------------------+-------------+
; Estimate of Logic utilization (ALMs needed) ; 4           ;
;                                             ;             ;
; Combinational ALUT usage for logic          ; 8           ;
;     -- 7 input functions                    ; 0           ;
;     -- 6 input functions                    ; 0           ;
;     -- 5 input functions                    ; 0           ;
;     -- 4 input functions                    ; 7           ;
;     -- <=3 input functions                  ; 1           ;
;                                             ;             ;
; Dedicated logic registers                   ; 0           ;
;                                             ;             ;
; I/O pins                                    ; 24          ;
;                                             ;             ;
; Total DSP Blocks                            ; 0           ;
;                                             ;             ;
; Maximum fan-out node                        ; SW[3]~input ;
; Maximum fan-out                             ; 8           ;
; Total fan-out                               ; 66          ;
; Average fan-out                             ; 1.18        ;
+---------------------------------------------+-------------+


+-----------------------------------------------------------------------------------------------------------------------------------------------------------------------------------------+
; Analysis & Synthesis Resource Utilization by Entity                                                                                                                                     ;
+----------------------------+---------------------+---------------------------+-------------------+------------+------+--------------+----------------------+-------------+--------------+
; Compilation Hierarchy Node ; Combinational ALUTs ; Dedicated Logic Registers ; Block Memory Bits ; DSP Blocks ; Pins ; Virtual Pins ; Full Hierarchy Name  ; Entity Name ; Library Name ;
+----------------------------+---------------------+---------------------------+-------------------+------------+------+--------------+----------------------+-------------+--------------+
; |part2                     ; 8 (0)               ; 0 (0)                     ; 0                 ; 0          ; 24   ; 0            ; |part2               ; part2       ; work         ;
;    |b2d_7seg:S0|           ; 7 (7)               ; 0 (0)                     ; 0                 ; 0          ; 0    ; 0            ; |part2|b2d_7seg:S0   ; b2d_7seg    ; work         ;
;    |comparator:C0|         ; 1 (1)               ; 0 (0)                     ; 0                 ; 0          ; 0    ; 0            ; |part2|comparator:C0 ; comparator  ; work         ;
+----------------------------+---------------------+---------------------------+-------------------+------------+------+--------------+----------------------+-------------+--------------+
Note: For table entries with two numbers listed, the numbers in parentheses indicate the number of resources of the given type used by the specific entity alone. The numbers listed outside of parentheses indicate the total resources of the given type used by the specific entity and all of its sub-entities in the hierarchy.


+------------------------------------------------------+
; General Register Statistics                          ;
+----------------------------------------------+-------+
; Statistic                                    ; Value ;
+----------------------------------------------+-------+
; Total registers                              ; 0     ;
; Number of registers using Synchronous Clear  ; 0     ;
; Number of registers using Synchronous Load   ; 0     ;
; Number of registers using Asynchronous Clear ; 0     ;
; Number of registers using Asynchronous Load  ; 0     ;
; Number of registers using Clock Enable       ; 0     ;
; Number of registers using Preset             ; 0     ;
+----------------------------------------------+-------+


+------------------------------------------------------------------------------------------------------------------------------------------+
; Multiplexer Restructuring Statistics (Restructuring Performed)                                                                           ;
+--------------------+-----------+---------------+----------------------+------------------------+------------+----------------------------+
; Multiplexer Inputs ; Bus Width ; Baseline Area ; Area if Restructured ; Saving if Restructured ; Registered ; Example Multiplexer Output ;
+--------------------+-----------+---------------+----------------------+------------------------+------------+----------------------------+
; 5:1                ; 2 bits    ; 6 LEs         ; 6 LEs                ; 0 LEs                  ; No         ; |part2|b2d_7seg:S0|SSD[0]  ;
; 6:1                ; 2 bits    ; 8 LEs         ; 8 LEs                ; 0 LEs                  ; No         ; |part2|b2d_7seg:S0|SSD[4]  ;
; 7:1                ; 2 bits    ; 8 LEs         ; 8 LEs                ; 0 LEs                  ; No         ; |part2|b2d_7seg:S0|SSD[2]  ;
+--------------------+-----------+---------------+----------------------+------------------------+------------+----------------------------+


+----------------------------------------------+
; Port Connectivity Checks: "mux_4bit_2to1:M0" ;
+------+-------+----------+--------------------+
; Port ; Type  ; Severity ; Details            ;
+------+-------+----------+--------------------+
; V[3] ; Input ; Info     ; Stuck at GND       ;
+------+-------+----------+--------------------+


+------------------------------------------------------------------------------------------------------------------------------------------------------------------------------------------------------------+
; Port Connectivity Checks: "circuitA:A0"                                                                                                                                                                    ;
+------+-------+----------+----------------------------------------------------------------------------------------------------------------------------------------------------------------------------------+
; Port ; Type  ; Severity ; Details                                                                                                                                                                          ;
+------+-------+----------+----------------------------------------------------------------------------------------------------------------------------------------------------------------------------------+
; V    ; Input ; Warning  ; Input port expression (4 bits) is wider than the input port (3 bits) it drives.  The 1 most-significant bit(s) in the expression will be dangling if they have no other fanouts. ;
+------+-------+----------+----------------------------------------------------------------------------------------------------------------------------------------------------------------------------------+


+-----------------------------------------------------+
; Post-Synthesis Netlist Statistics for Top Partition ;
+-----------------------+-----------------------------+
; Type                  ; Count                       ;
+-----------------------+-----------------------------+
; arriav_lcell_comb     ; 10                          ;
;     normal            ; 10                          ;
;         0 data inputs ; 2                           ;
;         3 data inputs ; 1                           ;
;         4 data inputs ; 7                           ;
; boundary_port         ; 24                          ;
;                       ;                             ;
; Max LUT depth         ; 1.00                        ;
; Average LUT depth     ; 0.86                        ;
+-----------------------+-----------------------------+


+-------------------------------+
; Elapsed Time Per Partition    ;
+----------------+--------------+
; Partition Name ; Elapsed Time ;
+----------------+--------------+
; Top            ; 00:00:02     ;
+----------------+--------------+


+-------------------------------+
; Analysis & Synthesis Messages ;
+-------------------------------+
Info: *******************************************************************
Info: Running Quartus Prime Analysis & Synthesis
    Info: Version 17.0.0 Build 595 04/25/2017 SJ Lite Edition
    Info: Processing started: Sat Oct 28 18:05:05 2023
Info: Command: quartus_map --read_settings_files=on --write_settings_files=off part2 -c part2
Warning (18236): Number of processors has not been specified which may cause overloading on shared machines.  Set the global assignment NUM_PARALLEL_PROCESSORS in your QSF to an appropriate value for best performance.
Info (20030): Parallel compilation is enabled and will use 4 of the 4 processors detected
Warning (12125): Using design file part2.sv, which is not specified as a design file for the current project, but contains definitions for 1 design units and 1 entities in project
    Info (12023): Found entity 1: part2 File: C:/Users/Rao/Desktop/Quartus_github/FPGA_DLD_LAB/Lab2/part2/part2.sv Line: 2
Info (12127): Elaborating entity "part2" for the top level hierarchy
Warning (12125): Using design file comparator.sv, which is not specified as a design file for the current project, but contains definitions for 1 design units and 1 entities in project
    Info (12023): Found entity 1: comparator File: C:/Users/Rao/Desktop/Quartus_github/FPGA_DLD_LAB/Lab2/part2/comparator.sv Line: 3
Info (12128): Elaborating entity "comparator" for hierarchy "comparator:C0" File: C:/Users/Rao/Desktop/Quartus_github/FPGA_DLD_LAB/Lab2/part2/part2.sv Line: 11
Warning (12125): Using design file circuita.sv, which is not specified as a design file for the current project, but contains definitions for 1 design units and 1 entities in project
    Info (12023): Found entity 1: circuitA File: C:/Users/Rao/Desktop/Quartus_github/FPGA_DLD_LAB/Lab2/part2/circuita.sv Line: 3
Info (12128): Elaborating entity "circuitA" for hierarchy "circuitA:A0" File: C:/Users/Rao/Desktop/Quartus_github/FPGA_DLD_LAB/Lab2/part2/part2.sv Line: 14
Warning (12125): Using design file mux_4bit_2to1.sv, which is not specified as a design file for the current project, but contains definitions for 1 design units and 1 entities in project
    Info (12023): Found entity 1: mux_4bit_2to1 File: C:/Users/Rao/Desktop/Quartus_github/FPGA_DLD_LAB/Lab2/part2/mux_4bit_2to1.sv Line: 3
Info (12128): Elaborating entity "mux_4bit_2to1" for hierarchy "mux_4bit_2to1:M0" File: C:/Users/Rao/Desktop/Quartus_github/FPGA_DLD_LAB/Lab2/part2/part2.sv Line: 17
Warning (12125): Using design file circuitb.sv, which is not specified as a design file for the current project, but contains definitions for 1 design units and 1 entities in project
    Info (12023): Found entity 1: circuitB File: C:/Users/Rao/Desktop/Quartus_github/FPGA_DLD_LAB/Lab2/part2/circuitb.sv Line: 3
Info (12128): Elaborating entity "circuitB" for hierarchy "circuitB:B0" File: C:/Users/Rao/Desktop/Quartus_github/FPGA_DLD_LAB/Lab2/part2/part2.sv Line: 20
Warning (12125): Using design file b2d_7seg.sv, which is not specified as a design file for the current project, but contains definitions for 1 design units and 1 entities in project
    Info (12023): Found entity 1: b2d_7seg File: C:/Users/Rao/Desktop/Quartus_github/FPGA_DLD_LAB/Lab2/part2/b2d_7seg.sv Line: 14
Info (12128): Elaborating entity "b2d_7seg" for hierarchy "b2d_7seg:S0" File: C:/Users/Rao/Desktop/Quartus_github/FPGA_DLD_LAB/Lab2/part2/part2.sv Line: 23
Warning (12241): 1 hierarchies have connectivity warnings - see the Connectivity Checks report folder
Warning (13024): Output pins are stuck at VCC or GND
    Warning (13410): Pin "HEX1[1]" is stuck at GND File: C:/Users/Rao/Desktop/Quartus_github/FPGA_DLD_LAB/Lab2/part2/part2.sv Line: 4
    Warning (13410): Pin "HEX1[2]" is stuck at GND File: C:/Users/Rao/Desktop/Quartus_github/FPGA_DLD_LAB/Lab2/part2/part2.sv Line: 4
    Warning (13410): Pin "HEX1[6]" is stuck at VCC File: C:/Users/Rao/Desktop/Quartus_github/FPGA_DLD_LAB/Lab2/part2/part2.sv Line: 4
Info (286030): Timing-Driven Synthesis is running
Info (16010): Generating hard_block partition "hard_block:auto_generated_inst"
    Info (16011): Adding 0 node(s), including 0 DDIO, 0 PLL, 0 transceiver and 0 LCELL
Warning (21074): Design contains 6 input pin(s) that do not drive logic
    Warning (15610): No output dependent on input pin "SW[4]" File: C:/Users/Rao/Desktop/Quartus_github/FPGA_DLD_LAB/Lab2/part2/part2.sv Line: 3
    Warning (15610): No output dependent on input pin "SW[5]" File: C:/Users/Rao/Desktop/Quartus_github/FPGA_DLD_LAB/Lab2/part2/part2.sv Line: 3
    Warning (15610): No output dependent on input pin "SW[6]" File: C:/Users/Rao/Desktop/Quartus_github/FPGA_DLD_LAB/Lab2/part2/part2.sv Line: 3
    Warning (15610): No output dependent on input pin "SW[7]" File: C:/Users/Rao/Desktop/Quartus_github/FPGA_DLD_LAB/Lab2/part2/part2.sv Line: 3
    Warning (15610): No output dependent on input pin "SW[8]" File: C:/Users/Rao/Desktop/Quartus_github/FPGA_DLD_LAB/Lab2/part2/part2.sv Line: 3
    Warning (15610): No output dependent on input pin "SW[9]" File: C:/Users/Rao/Desktop/Quartus_github/FPGA_DLD_LAB/Lab2/part2/part2.sv Line: 3
Info (21057): Implemented 32 device resources after synthesis - the final resource count might be different
    Info (21058): Implemented 10 input pins
    Info (21059): Implemented 14 output pins
    Info (21061): Implemented 8 logic cells
Info: Quartus Prime Analysis & Synthesis was successful. 0 errors, 19 warnings
    Info: Peak virtual memory: 4828 megabytes
    Info: Processing ended: Sat Oct 28 18:05:45 2023
    Info: Elapsed time: 00:00:40
    Info: Total CPU time (on all processors): 00:01:38


